{"level":"info","time":"2024-08-17T13:53:43.526Z","pid":24928,"hostname":"DESKTOP-TST8IQ8","message":"Incoming request","method":"GET","url":"/questions/","ip":"::1","requestType":"WEB"}
{"level":"info","time":"2024-08-17T13:53:49.351Z","pid":24928,"hostname":"DESKTOP-TST8IQ8","message":"Incoming request","method":"GET","url":"/questions/","ip":"::1","requestType":"WEB"}
{"level":"info","time":"2024-08-17T13:54:20.525Z","pid":24808,"hostname":"DESKTOP-TST8IQ8","message":"Incoming request","method":"GET","url":"/questions/","ip":"::1","requestType":"WEB"}
{"level":"info","time":"2024-08-17T13:54:20.699Z","pid":24808,"hostname":"DESKTOP-TST8IQ8","message":"Incoming request","method":"GET","url":"/questions/","ip":"::1","requestType":"WEB"}
{"level":"info","time":"2024-08-17T13:54:29.115Z","pid":24808,"hostname":"DESKTOP-TST8IQ8","message":"Incoming request","method":"GET","url":"/questions/","ip":"::1","requestType":"WEB"}
{"level":"info","time":"2024-08-17T13:54:29.304Z","pid":24808,"hostname":"DESKTOP-TST8IQ8","message":"Incoming request","method":"GET","url":"/questions/","ip":"::1","requestType":"WEB"}
{"level":"info","time":"2024-08-17T13:54:29.466Z","pid":24808,"hostname":"DESKTOP-TST8IQ8","message":"Incoming request","method":"GET","url":"/questions/","ip":"::1","requestType":"WEB"}
{"level":"info","time":"2024-08-17T13:54:45.043Z","pid":24808,"hostname":"DESKTOP-TST8IQ8","message":"Incoming request","method":"GET","url":"/users/logout","ip":"::1","requestType":"WEB"}
{"level":"info","time":"2024-08-17T13:54:45.050Z","pid":24808,"hostname":"DESKTOP-TST8IQ8","message":"Incoming request","method":"GET","url":"/questions","ip":"::1","requestType":"WEB"}
{"level":"info","time":"2024-08-17T13:54:45.053Z","pid":24808,"hostname":"DESKTOP-TST8IQ8","message":"Incoming request","method":"GET","url":"/auth/login","ip":"::1","requestType":"WEB"}
{"level":"info","time":"2024-08-17T14:02:00.351Z","pid":24552,"hostname":"DESKTOP-TST8IQ8","message":"Incoming request","method":"POST","url":"/auth/login","ip":"::1","requestType":"WEB","action":"unknown action"}
{"level":"info","time":"2024-08-17T14:02:00.373Z","pid":24552,"hostname":"DESKTOP-TST8IQ8","message":"Incoming request","method":"GET","url":"/questions","ip":"::1","requestType":"WEB","action":"unknown action"}
{"level":"info","time":"2024-08-17T14:02:17.892Z","pid":24552,"hostname":"DESKTOP-TST8IQ8","message":"Incoming request","method":"GET","url":"/questions","ip":"::1","requestType":"WEB","action":"unknown action"}
{"level":"info","time":"2024-08-17T14:02:22.681Z","pid":24552,"hostname":"DESKTOP-TST8IQ8","message":"Incoming request","method":"GET","url":"/questions/edit/66bf2c41358a7a9fbe68424a","ip":"::1","requestType":"WEB","action":"unknown action"}
{"level":"info","time":"2024-08-17T14:02:34.852Z","pid":24552,"hostname":"DESKTOP-TST8IQ8","message":"Incoming request","method":"GET","url":"/questions","ip":"::1","requestType":"WEB","action":"unknown action"}
{"level":"info","time":"2024-08-17T14:02:38.042Z","pid":24552,"hostname":"DESKTOP-TST8IQ8","message":"Incoming request","method":"GET","url":"/questions/import","ip":"::1","requestType":"WEB","action":"unknown action"}
{"level":"info","time":"2024-08-17T14:03:13.510Z","pid":15364,"hostname":"DESKTOP-TST8IQ8","message":"Incoming request","method":"GET","url":"/questions/import","ip":"::1","requestType":"WEB","action":"try to import questions"}
{"level":"info","time":"2024-08-17T14:03:29.940Z","pid":15364,"hostname":"DESKTOP-TST8IQ8","message":"Incoming request","method":"GET","url":"/users/logout","ip":"::1","requestType":"WEB","action":"try to add new user"}
{"level":"info","time":"2024-08-17T14:03:29.947Z","pid":15364,"hostname":"DESKTOP-TST8IQ8","message":"Incoming request","method":"GET","url":"/questions","ip":"::1","requestType":"WEB","action":"unknown action"}
{"level":"info","time":"2024-08-17T14:03:29.949Z","pid":15364,"hostname":"DESKTOP-TST8IQ8","message":"Incoming request","method":"GET","url":"/auth/login","ip":"::1","requestType":"WEB","action":"try to login"}
{"level":"info","time":"2024-08-17T14:04:06.739Z","pid":27496,"hostname":"DESKTOP-TST8IQ8","message":"Incoming request","method":"POST","url":"/auth/login","ip":"::1","requestType":"WEB","action":"try to login"}
{"level":"info","time":"2024-08-17T14:04:06.759Z","pid":27496,"hostname":"DESKTOP-TST8IQ8","message":"Incoming request","method":"GET","url":"/questions","ip":"::1","requestType":"WEB","action":"unknown action"}
{"level":"info","time":"2024-08-17T14:04:14.333Z","pid":27496,"hostname":"DESKTOP-TST8IQ8","message":"Incoming request","method":"GET","url":"/users/logout","ip":"::1","requestType":"WEB","action":"try to logout"}
{"level":"info","time":"2024-08-17T14:04:14.340Z","pid":27496,"hostname":"DESKTOP-TST8IQ8","message":"Incoming request","method":"GET","url":"/questions","ip":"::1","requestType":"WEB","action":"unknown action"}
{"level":"info","time":"2024-08-17T14:04:14.343Z","pid":27496,"hostname":"DESKTOP-TST8IQ8","message":"Incoming request","method":"GET","url":"/auth/login","ip":"::1","requestType":"WEB","action":"try to login"}
{"level":"info","time":"2024-08-17T14:04:26.209Z","pid":27496,"hostname":"DESKTOP-TST8IQ8","message":"Incoming request","method":"POST","url":"/auth/login","ip":"::1","requestType":"WEB","action":"try to login"}
{"level":"info","time":"2024-08-17T14:04:26.221Z","pid":27496,"hostname":"DESKTOP-TST8IQ8","message":"Incoming request","method":"GET","url":"/questions","ip":"::1","requestType":"WEB","action":"unknown action"}
{"level":"info","time":"2024-08-17T14:05:34.314Z","pid":27496,"hostname":"DESKTOP-TST8IQ8","message":"Incoming request","method":"GET","url":"/users/logout","ip":"::1","requestType":"WEB","action":"try to logout"}
{"level":"info","time":"2024-08-17T14:05:34.319Z","pid":27496,"hostname":"DESKTOP-TST8IQ8","message":"Incoming request","method":"GET","url":"/questions","ip":"::1","requestType":"WEB","action":"unknown action"}
{"level":"info","time":"2024-08-17T14:05:34.321Z","pid":27496,"hostname":"DESKTOP-TST8IQ8","message":"Incoming request","method":"GET","url":"/auth/login","ip":"::1","requestType":"WEB","action":"try to login"}
{"level":"info","time":"2024-08-17T14:05:40.519Z","pid":27496,"hostname":"DESKTOP-TST8IQ8","message":"Incoming request","method":"POST","url":"/auth/login","ip":"::1","requestType":"WEB","action":"try to login"}
{"level":"error","time":"2024-08-17T14:05:40.522Z","pid":27496,"hostname":"DESKTOP-TST8IQ8","method":"POST","url":"/auth/login","ip":"::1","requestType":"WEB"}
{"level":"info","time":"2024-08-17T14:05:43.091Z","pid":27496,"hostname":"DESKTOP-TST8IQ8","message":"Incoming request","method":"POST","url":"/auth/login","ip":"::1","requestType":"WEB","action":"try to login"}
{"level":"error","time":"2024-08-17T14:05:43.092Z","pid":27496,"hostname":"DESKTOP-TST8IQ8","method":"POST","url":"/auth/login","ip":"::1","requestType":"WEB"}
{"level":"info","time":"2024-08-17T14:06:46.439Z","pid":27496,"hostname":"DESKTOP-TST8IQ8","message":"Incoming request","method":"POST","url":"/auth/login","ip":"::1","requestType":"WEB","action":"try to login"}
{"level":"info","time":"2024-08-17T14:06:46.451Z","pid":27496,"hostname":"DESKTOP-TST8IQ8","message":"Incoming request","method":"GET","url":"/questions","ip":"::1","requestType":"WEB","action":"unknown action"}
{"level":"info","time":"2024-08-17T14:06:59.254Z","pid":19128,"hostname":"DESKTOP-TST8IQ8","message":"Incoming request","method":"GET","url":"/users/logout","ip":"::1","requestType":"WEB","action":"try to logout"}
{"level":"info","time":"2024-08-17T14:06:59.268Z","pid":19128,"hostname":"DESKTOP-TST8IQ8","message":"Incoming request","method":"GET","url":"/questions","ip":"::1","requestType":"WEB","action":"unknown action"}
{"level":"info","time":"2024-08-17T14:06:59.270Z","pid":19128,"hostname":"DESKTOP-TST8IQ8","message":"Incoming request","method":"GET","url":"/auth/login","ip":"::1","requestType":"WEB","action":"try to login"}
{"level":"info","time":"2024-08-17T14:07:00.313Z","pid":19128,"hostname":"DESKTOP-TST8IQ8","message":"Incoming request","method":"POST","url":"/auth/login","ip":"::1","requestType":"WEB","action":"try to login"}
{"level":"info","time":"2024-08-17T14:07:00.330Z","pid":19128,"hostname":"DESKTOP-TST8IQ8","message":"Incoming request","method":"GET","url":"/questions","ip":"::1","requestType":"WEB","action":"unknown action"}
{"level":"info","time":"2024-08-17T14:07:03.925Z","pid":19128,"hostname":"DESKTOP-TST8IQ8","message":"Incoming request","method":"GET","url":"/users/logout","ip":"::1","requestType":"WEB","action":"try to logout"}
{"level":"info","time":"2024-08-17T14:07:03.930Z","pid":19128,"hostname":"DESKTOP-TST8IQ8","message":"Incoming request","method":"GET","url":"/questions","ip":"::1","requestType":"WEB","action":"unknown action"}
{"level":"info","time":"2024-08-17T14:07:03.933Z","pid":19128,"hostname":"DESKTOP-TST8IQ8","message":"Incoming request","method":"GET","url":"/auth/login","ip":"::1","requestType":"WEB","action":"try to login"}
{"level":"info","time":"2024-08-17T14:07:05.422Z","pid":19128,"hostname":"DESKTOP-TST8IQ8","message":"Incoming request","method":"POST","url":"/auth/login","ip":"::1","requestType":"WEB","action":"try to login"}
{"level":"info","time":"2024-08-17T14:07:05.435Z","pid":19128,"hostname":"DESKTOP-TST8IQ8","message":"Incoming request","method":"GET","url":"/questions","ip":"::1","requestType":"WEB","action":"unknown action"}
{"level":"info","time":"2024-08-17T14:07:25.357Z","pid":21300,"hostname":"DESKTOP-TST8IQ8","message":"Incoming request","method":"GET","url":"/users/logout","ip":"::1","requestType":"WEB","action":"try to logout"}
{"level":"info","time":"2024-08-17T14:07:25.371Z","pid":21300,"hostname":"DESKTOP-TST8IQ8","message":"Incoming request","method":"GET","url":"/questions","ip":"::1","requestType":"WEB","action":"unknown action"}
{"level":"info","time":"2024-08-17T14:07:25.373Z","pid":21300,"hostname":"DESKTOP-TST8IQ8","message":"Incoming request","method":"GET","url":"/auth/login","ip":"::1","requestType":"WEB","action":"try to login"}
{"level":"info","time":"2024-08-17T14:07:28.062Z","pid":21300,"hostname":"DESKTOP-TST8IQ8","message":"Incoming request","method":"POST","url":"/auth/login","ip":"::1","requestType":"WEB","action":"try to login"}
{"level":"info","time":"2024-08-17T14:07:54.419Z","pid":26556,"hostname":"DESKTOP-TST8IQ8","message":"Incoming request","method":"POST","url":"/auth/login","ip":"::1","requestType":"WEB","action":"try to login"}
{"level":"info","time":"2024-08-17T14:08:04.757Z","pid":14560,"hostname":"DESKTOP-TST8IQ8","message":"Incoming request","method":"GET","url":"/auth/login","ip":"::1","requestType":"WEB","action":"try to login"}
{"level":"info","time":"2024-08-17T14:08:07.064Z","pid":14560,"hostname":"DESKTOP-TST8IQ8","message":"Incoming request","method":"POST","url":"/auth/login","ip":"::1","requestType":"WEB","action":"try to login"}
{"level":"error","time":"2024-08-17T14:08:07.071Z","pid":14560,"hostname":"DESKTOP-TST8IQ8","method":"POST","url":"/auth/login","ip":"::1","requestType":"WEB"}
{"level":"info","time":"2024-08-17T14:08:27.525Z","pid":10348,"hostname":"DESKTOP-TST8IQ8","message":"Incoming request","method":"POST","url":"/auth/login","ip":"::1","requestType":"WEB","action":"try to login"}
{"level":"error","time":"2024-08-17T14:08:27.533Z","pid":10348,"hostname":"DESKTOP-TST8IQ8","method":"POST","url":"/auth/login","ip":"::1","requestType":"WEB"}
{"level":"info","time":"2024-08-17T14:08:31.311Z","pid":10348,"hostname":"DESKTOP-TST8IQ8","message":"Incoming request","method":"GET","url":"/auth/login","ip":"::1","requestType":"WEB","action":"try to login"}
{"level":"info","time":"2024-08-17T14:08:32.567Z","pid":10348,"hostname":"DESKTOP-TST8IQ8","message":"Incoming request","method":"POST","url":"/auth/login","ip":"::1","requestType":"WEB","action":"try to login"}
{"level":"error","time":"2024-08-17T14:08:32.569Z","pid":10348,"hostname":"DESKTOP-TST8IQ8","method":"POST","url":"/auth/login","ip":"::1","requestType":"WEB"}
{"level":"info","time":"2024-08-17T14:08:35.811Z","pid":10348,"hostname":"DESKTOP-TST8IQ8","message":"Incoming request","method":"POST","url":"/auth/login","ip":"::1","requestType":"WEB","action":"try to login"}
{"level":"error","time":"2024-08-17T14:08:35.814Z","pid":10348,"hostname":"DESKTOP-TST8IQ8","method":"POST","url":"/auth/login","ip":"::1","requestType":"WEB"}
{"level":"info","time":"2024-08-17T14:08:36.357Z","pid":10348,"hostname":"DESKTOP-TST8IQ8","message":"Incoming request","method":"POST","url":"/auth/login","ip":"::1","requestType":"WEB","action":"try to login"}
{"level":"error","time":"2024-08-17T14:08:36.359Z","pid":10348,"hostname":"DESKTOP-TST8IQ8","method":"POST","url":"/auth/login","ip":"::1","requestType":"WEB"}
{"level":"info","time":"2024-08-17T14:08:37.010Z","pid":10348,"hostname":"DESKTOP-TST8IQ8","message":"Incoming request","method":"POST","url":"/auth/login","ip":"::1","requestType":"WEB","action":"try to login"}
{"level":"error","time":"2024-08-17T14:08:37.013Z","pid":10348,"hostname":"DESKTOP-TST8IQ8","method":"POST","url":"/auth/login","ip":"::1","requestType":"WEB"}
{"level":"info","time":"2024-08-17T14:08:37.204Z","pid":10348,"hostname":"DESKTOP-TST8IQ8","message":"Incoming request","method":"POST","url":"/auth/login","ip":"::1","requestType":"WEB","action":"try to login"}
{"level":"error","time":"2024-08-17T14:08:37.206Z","pid":10348,"hostname":"DESKTOP-TST8IQ8","method":"POST","url":"/auth/login","ip":"::1","requestType":"WEB"}
{"level":"info","time":"2024-08-17T14:08:45.882Z","pid":10348,"hostname":"DESKTOP-TST8IQ8","message":"Incoming request","method":"POST","url":"/auth/login","ip":"::1","requestType":"WEB","action":"try to login"}
{"level":"error","time":"2024-08-17T14:08:45.883Z","pid":10348,"hostname":"DESKTOP-TST8IQ8","method":"POST","url":"/auth/login","ip":"::1","requestType":"WEB"}
{"level":"info","time":"2024-08-17T14:09:01.323Z","pid":10348,"hostname":"DESKTOP-TST8IQ8","message":"Incoming request","method":"POST","url":"/auth/login","ip":"::1","requestType":"WEB","action":"try to login"}
{"level":"error","time":"2024-08-17T14:09:01.324Z","pid":10348,"hostname":"DESKTOP-TST8IQ8","method":"POST","url":"/auth/login","ip":"::1","requestType":"WEB"}
{"level":"info","time":"2024-08-17T14:09:02.169Z","pid":10348,"hostname":"DESKTOP-TST8IQ8","message":"Incoming request","method":"POST","url":"/auth/login","ip":"::1","requestType":"WEB","action":"try to login"}
{"level":"error","time":"2024-08-17T14:09:02.172Z","pid":10348,"hostname":"DESKTOP-TST8IQ8","method":"POST","url":"/auth/login","ip":"::1","requestType":"WEB"}
{"level":"info","time":"2024-08-17T14:09:20.314Z","pid":10348,"hostname":"DESKTOP-TST8IQ8","message":"Incoming request","method":"POST","url":"/auth/login","ip":"::1","requestType":"WEB","action":"try to login"}
{"level":"error","time":"2024-08-17T14:09:20.316Z","pid":10348,"hostname":"DESKTOP-TST8IQ8","method":"POST","url":"/auth/login","ip":"::1","requestType":"WEB"}
{"level":"info","time":"2024-08-17T14:09:20.894Z","pid":10348,"hostname":"DESKTOP-TST8IQ8","message":"Incoming request","method":"POST","url":"/auth/login","ip":"::1","requestType":"WEB","action":"try to login"}
{"level":"error","time":"2024-08-17T14:09:20.897Z","pid":10348,"hostname":"DESKTOP-TST8IQ8","method":"POST","url":"/auth/login","ip":"::1","requestType":"WEB"}
{"level":"info","time":"2024-08-17T14:09:21.108Z","pid":10348,"hostname":"DESKTOP-TST8IQ8","message":"Incoming request","method":"POST","url":"/auth/login","ip":"::1","requestType":"WEB","action":"try to login"}
{"level":"error","time":"2024-08-17T14:09:21.110Z","pid":10348,"hostname":"DESKTOP-TST8IQ8","method":"POST","url":"/auth/login","ip":"::1","requestType":"WEB"}
{"level":"info","time":"2024-08-17T14:09:44.151Z","pid":10348,"hostname":"DESKTOP-TST8IQ8","message":"Incoming request","method":"POST","url":"/auth/login","ip":"::1","requestType":"WEB","action":"try to login"}
{"level":"error","time":"2024-08-17T14:09:44.152Z","pid":10348,"hostname":"DESKTOP-TST8IQ8","method":"POST","url":"/auth/login","ip":"::1","requestType":"WEB"}
{"level":"info","time":"2024-08-17T14:11:14.603Z","pid":22168,"hostname":"DESKTOP-TST8IQ8","message":"Incoming request","method":"POST","url":"/users/add","ip":"::1","requestType":"WEB","action":"try to add new user"}
{"level":"info","time":"2024-08-17T14:11:26.450Z","pid":22168,"hostname":"DESKTOP-TST8IQ8","message":"Incoming request","method":"POST","url":"/auth/login","ip":"::1","requestType":"WEB","action":"try to login"}
{"level":"info","time":"2024-08-17T14:11:26.516Z","pid":22168,"hostname":"DESKTOP-TST8IQ8","message":"Incoming request","method":"GET","url":"/questions","ip":"::1","requestType":"WEB","action":"unknown action"}
